-------------------------------------------------------------------------------
Test set: com.gorest.gorestinfo.UsersDataDrivenTesting
-------------------------------------------------------------------------------
Tests run: 1, Failures: 0, Errors: 1, Skipped: 0, Time elapsed: 0.004 sec <<< FAILURE! - in com.gorest.gorestinfo.UsersDataDrivenTesting
initializationError(com.gorest.gorestinfo.UsersDataDrivenTesting)  Time elapsed: 0.001 sec  <<< ERROR!
net.thucydides.core.csv.FailedToInitializeTestData: No properties or public fields matching the data columns were found or could be assigned for the class com.gorest.gorestinfo.UsersDataDrivenTestingusing test data: {mmorais0@trellian.com=tdaguanno1@wikipedia.org, John=Zara, Male=Female, active=active}
	at net.thucydides.core.steps.stepdata.CSVTestDataSource.assignPropertiesFromTestData(CSVTestDataSource.java:236)
	at net.thucydides.core.steps.stepdata.CSVTestDataSource.newInstanceFrom(CSVTestDataSource.java:207)
	at net.thucydides.core.steps.stepdata.CSVTestDataSource.getDataAsInstancesOf(CSVTestDataSource.java:181)
	at net.serenitybdd.junit.runners.DataDrivenAnnotations.getDataAsInstancesOf(DataDrivenAnnotations.java:175)
	at net.serenitybdd.junit.runners.SerenityParameterizedRunner.buildTestRunnersFromADataSourceUsing(SerenityParameterizedRunner.java:129)
	at net.serenitybdd.junit.runners.SerenityParameterizedRunner.<init>(SerenityParameterizedRunner.java:66)
	at net.serenitybdd.junit.runners.SerenityParameterizedRunner.<init>(SerenityParameterizedRunner.java:173)
	at sun.reflect.NativeConstructorAccessorImpl.newInstance0(Native Method)
	at sun.reflect.NativeConstructorAccessorImpl.newInstance(NativeConstructorAccessorImpl.java:62)
	at sun.reflect.DelegatingConstructorAccessorImpl.newInstance(DelegatingConstructorAccessorImpl.java:45)
	at java.lang.reflect.Constructor.newInstance(Constructor.java:423)
	at org.junit.internal.builders.AnnotatedBuilder.buildRunner(AnnotatedBuilder.java:104)
	at org.junit.internal.builders.AnnotatedBuilder.runnerForClass(AnnotatedBuilder.java:86)
	at org.junit.runners.model.RunnerBuilder.safeRunnerForClass(RunnerBuilder.java:59)
	at org.junit.internal.builders.AllDefaultPossibilitiesBuilder.runnerForClass(AllDefaultPossibilitiesBuilder.java:26)
	at org.junit.runners.model.RunnerBuilder.safeRunnerForClass(RunnerBuilder.java:59)
	at org.junit.internal.requests.ClassRequest.getRunner(ClassRequest.java:33)
	at org.apache.maven.surefire.junit4.JUnit4Provider.execute(JUnit4Provider.java:283)
	at org.apache.maven.surefire.junit4.JUnit4Provider.executeWithRerun(JUnit4Provider.java:173)
	at org.apache.maven.surefire.junit4.JUnit4Provider.executeTestSet(JUnit4Provider.java:153)
	at org.apache.maven.surefire.junit4.JUnit4Provider.invoke(JUnit4Provider.java:128)
	at org.apache.maven.surefire.booter.ForkedBooter.invokeProviderInSameClassLoader(ForkedBooter.java:203)
	at org.apache.maven.surefire.booter.ForkedBooter.runSuitesInProcess(ForkedBooter.java:155)
	at org.apache.maven.surefire.booter.ForkedBooter.main(ForkedBooter.java:103)

