<?xml version="1.0" encoding="UTF-8"?><testsuite errors="0" failures="0" name="com.gorest.gorestinfo.UsersCRUDTest" skipped="0" tests="4" time="4.63" timestamp="2023-06-06T23:50:37.625+01:00[Europe/London]"><testcase classname="com.gorest.gorestinfo.UsersCRUDTest" name="This will create new user"/><testcase classname="com.gorest.gorestinfo.UsersCRUDTest" name="Verify that user is added "/><testcase classname="com.gorest.gorestinfo.UsersCRUDTest" name="Update the user information and verify the updated information"/><testcase classname="com.gorest.gorestinfo.UsersCRUDTest" name="Deleting user information with ID and verify that user is deleted "/></testsuite>