<?xml version="1.0" encoding="UTF-8"?><testsuite errors="0" failures="0" name="com.gorest.gorestinfo.TagsTest" skipped="0" tests="3" time="5.19" timestamp="2023-06-06T23:50:31.250+01:00[Europe/London]"><testcase classname="com.gorest.gorestinfo.TagsTest" name="Provide a 405 status code when incorrect HTTP method is used to access resource"/><testcase classname="com.gorest.gorestinfo.TagsTest" name="This test will verify if a status code of 200 is returned for GET request"/><testcase classname="com.gorest.gorestinfo.TagsTest" name="This test will provide an error code of 400 when user tries to access an invalid resource"/></testsuite>